<?xml version="1.0" encoding="UTF-8"?>
<!-- Generated by org.testng.reporters.JUnitReportReporter -->
<testsuite hostname="LAPTOP-PT5FP9QT" failures="0" tests="3" name="HRM.qa.Tests.LoginPageTest" time="31.151" errors="0" timestamp="2025-04-17T02:29:35 IST" skipped="0">
  <testcase classname="HRM.qa.Tests.LoginPageTest" name="ValidateTitleTest" time="8.748"/>
  <testcase classname="HRM.qa.Tests.LoginPageTest" name="ValidateLogoTest" time="13.911"/>
  <testcase classname="HRM.qa.Tests.LoginPageTest" name="LoginAction" time="8.492"/>
</testsuite> <!-- HRM.qa.Tests.LoginPageTest -->
