<?xml version="1.0" encoding="UTF-8"?>
<!-- Generated by org.testng.reporters.JUnitReportReporter -->
<testsuite hostname="CIPL-DTSS-012" failures="0" tests="3" name="HRM.qa.Tests.PIMPageTest" time="29.202" errors="0" timestamp="2025-04-17T01:33:41 IST" skipped="0">
  <testcase classname="HRM.qa.Tests.PIMPageTest" name="PIMAction" time="9.938"/>
  <system-out/>
  <testcase classname="HRM.qa.Tests.PIMPageTest" name="PIMAction" time="9.229"/>
  <system-out/>
  <testcase classname="HRM.qa.Tests.PIMPageTest" name="PIMAction" time="10.035"/>
  <system-out/>
</testsuite> <!-- HRM.qa.Tests.PIMPageTest -->
